#
# There is insufficient memory for the Java Runtime Environment to continue.
# Native memory allocation (malloc) failed to allocate 32744 bytes for ChunkPool::allocate
# Possible reasons:
#   The system is out of physical RAM or swap space
#   In 32 bit mode, the process size limit was hit
# Possible solutions:
#   Reduce memory load on the system
#   Increase physical memory or swap space
#   Check if swap backing store is full
#   Use 64 bit Java on a 64 bit OS
#   Decrease Java heap size (-Xmx/-Xms)
#   Decrease number of Java threads
#   Decrease Java thread stack sizes (-Xss)
#   Set larger code cache with -XX:ReservedCodeCacheSize=
# This output file may be truncated or incomplete.
#
#  Out of Memory Error (allocation.cpp:273), pid=22320, tid=0x0000000000004a64
#
# JRE version: OpenJDK Runtime Environment (8.0_76-b03) (build 1.8.0_76-release-b03)
# Java VM: OpenJDK 64-Bit Server VM (25.76-b03 mixed mode windows-amd64 compressed oops)
# Failed to write core dump. Minidumps are not enabled by default on client versions of Windows
#

---------------  T H R E A D  ---------------

Current thread (0x000000001606f000):  JavaThread "C2 CompilerThread0" daemon [_thread_in_native, id=19044, stack(0x00000000176d0000,0x00000000177d0000)]

Stack: [0x00000000176d0000,0x00000000177d0000]
[error occurred during error reporting (printing stack bounds), id 0xc0000005]

Native frames: (J=compiled Java code, j=interpreted, Vv=VM code, C=native code)


Current CompileTask:
C2: 160073 17290       4       com.android.dx.dex.cf.CfTranslator::translate0 (265 bytes)


---------------  P R O C E S S  ---------------

Java Threads: ( => current thread )
  0x000000001c3af800 JavaThread "pool-73-thread-4" [_thread_blocked, id=5724, stack(0x000000004e2c0000,0x000000004e3c0000)]
  0x000000001c3ae800 JavaThread "pool-73-thread-3" [_thread_blocked, id=6548, stack(0x000000004e1c0000,0x000000004e2c0000)]
  0x000000001de27000 JavaThread "pool-73-thread-2" [_thread_blocked, id=21936, stack(0x000000004e0c0000,0x000000004e1c0000)]
  0x000000001de26800 JavaThread "pool-74-thread-1" [_thread_blocked, id=22892, stack(0x000000004dfc0000,0x000000004e0c0000)]
  0x000000001de29800 JavaThread "pool-73-thread-1" [_thread_blocked, id=22360, stack(0x000000004dec0000,0x000000004dfc0000)]
  0x000000001de28000 JavaThread "pool-70-thread-1" [_thread_blocked, id=14168, stack(0x000000004d5c0000,0x000000004d6c0000)]
  0x000000001de2b800 JavaThread "pool-69-thread-1" [_thread_in_Java, id=21668, stack(0x000000004d4c0000,0x000000004d5c0000)]
  0x000000001de20800 JavaThread "pool-14-thread-4" [_thread_in_Java, id=13760, stack(0x0000000044fc0000,0x00000000450c0000)]
  0x000000001de22800 JavaThread "pool-14-thread-3" [_thread_in_native, id=10608, stack(0x0000000044ec0000,0x0000000044fc0000)]
  0x000000001de22000 JavaThread "pool-14-thread-2" [_thread_in_Java, id=14524, stack(0x0000000044dc0000,0x0000000044ec0000)]
  0x000000001de21000 JavaThread "pool-14-thread-1" [_thread_blocked, id=11152, stack(0x0000000044cc0000,0x0000000044dc0000)]
  0x0000000019601000 JavaThread "pool-8-thread-4" [_thread_blocked, id=23292, stack(0x000000003e3c0000,0x000000003e4c0000)]
  0x0000000019605000 JavaThread "pool-8-thread-3" [_thread_blocked, id=20208, stack(0x000000003e2c0000,0x000000003e3c0000)]
  0x0000000019608000 JavaThread "pool-8-thread-2" [_thread_blocked, id=7440, stack(0x000000003e1c0000,0x000000003e2c0000)]
  0x0000000019602000 JavaThread "pool-8-thread-1" [_thread_blocked, id=9724, stack(0x000000003e0c0000,0x000000003e1c0000)]
  0x0000000019603800 JavaThread "Stdin handler" [_thread_blocked, id=5904, stack(0x000000003dfc0000,0x000000003e0c0000)]
  0x0000000019605800 JavaThread "Asynchronous log dispatcher for org.gradle.launcher.daemon.server.DefaultDaemonConnection@7d6ba014" [_thread_blocked, id=22828, stack(0x000000003dec0000,0x000000003dfc0000)]
  0x0000000019602800 JavaThread "Cancel handler" [_thread_blocked, id=8588, stack(0x000000003ddc0000,0x000000003dec0000)]
  0x0000000019600800 JavaThread "Handler for socket connection from /127.0.0.1:52496 to /127.0.0.1:52944" [_thread_in_native, id=21780, stack(0x000000003dcc0000,0x000000003ddc0000)]
  0x000000001c3b1000 JavaThread "pool-2-thread-1" [_thread_blocked, id=10008, stack(0x000000001ed10000,0x000000001ee10000)]
  0x0000000018b8f800 JavaThread "File lock request listener" [_thread_in_native, id=22488, stack(0x000000001bfa0000,0x000000001c0a0000)]
  0x0000000018eab800 JavaThread "Daemon worker" [_thread_blocked, id=20216, stack(0x000000001a6d0000,0x000000001a7d0000)]
  0x0000000018b2e800 JavaThread "Daemon" [_thread_blocked, id=20936, stack(0x000000001a3d0000,0x000000001a4d0000)]
  0x0000000018dcb800 JavaThread "pool-1-thread-1" [_thread_blocked, id=16860, stack(0x000000001a2d0000,0x000000001a3d0000)]
  0x0000000018d00800 JavaThread "Incoming local TCP Connector on port 52496" [_thread_in_native, id=5916, stack(0x0000000019be0000,0x0000000019ce0000)]
  0x00000000160cd800 JavaThread "Service Thread" daemon [_thread_blocked, id=13252, stack(0x0000000017dd0000,0x0000000017ed0000)]
  0x000000001609a000 JavaThread "C1 CompilerThread2" daemon [_thread_blocked, id=23356, stack(0x00000000178d0000,0x00000000179d0000)]
  0x0000000016075000 JavaThread "C2 CompilerThread1" daemon [_thread_in_native, id=12084, stack(0x00000000177d0000,0x00000000178d0000)]
=>0x000000001606f000 JavaThread "C2 CompilerThread0" daemon [_thread_in_native, id=19044, stack(0x00000000176d0000,0x00000000177d0000)]
  0x000000001606e000 JavaThread "Attach Listener" daemon [_thread_blocked, id=12924, stack(0x00000000175d0000,0x00000000176d0000)]
  0x000000001606b000 JavaThread "Signal Dispatcher" daemon [_thread_blocked, id=14292, stack(0x00000000174d0000,0x00000000175d0000)]
  0x00000000026fb000 JavaThread "Finalizer" daemon [_thread_blocked, id=13868, stack(0x00000000172e0000,0x00000000173e0000)]
  0x00000000026f0000 JavaThread "Reference Handler" daemon [_thread_blocked, id=5424, stack(0x00000000171e0000,0x00000000172e0000)]
  0x00000000025fd800 JavaThread "main" [_thread_blocked, id=2408, stack(0x0000000002440000,0x0000000002540000)]

Other Threads:
  0x0000000016036000 VMThread [stack: 0x00000000170e0000,0x00000000171e0000] [id=22316]
  0x00000000179e9000 WatcherThread [stack: 0x0000000017ed0000,0x0000000017fd0000] [id=22544]

VM state:not at safepoint (normal execution)

VM Mutex/Monitor currently owned by a thread: None

Heap:
 PSYoungGen      total 409088K, used 155309K [0x00000000e0000000, 0x0000000100000000, 0x0000000100000000)
  eden space 305152K, 16% used [0x00000000e0000000,0x00000000e32302c0,0x00000000f2a00000)
  from space 103936K, 99% used [0x00000000f2a00000,0x00000000f8f7b170,0x00000000f8f80000)
  to   space 115200K, 0% used [0x00000000f8f80000,0x00000000f8f80000,0x0000000100000000)
 ParOldGen       total 211968K, used 118666K [0x00000000a0000000, 0x00000000acf00000, 0x00000000e0000000)
  object space 211968K, 55% used [0x00000000a0000000,0x00000000a73e29f8,0x00000000acf00000)
 Metaspace       used 71595K, capacity 74292K, committed 74544K, reserved 1114112K
  class space    used 9140K, capacity 9766K, committed 9776K, reserved 1048576K

Card table byte_map: [0x0000000011ac0000,0x0000000011dd0000] byte_map_base: 0x00000000115c0000

Marking Bits: (ParMarkBitMap*) 0x000000006bfc9d00
 Begin Bits: [0x00000000123d0000, 0x0000000013bd0000)
 End Bits:   [0x0000000013bd0000, 0x00000000153d0000)

Polling page: 0x0000000000930000

CodeCache: size=245760Kb used=49898Kb max_used=50132Kb free=195861Kb
 bounds [0x0000000002700000, 0x00000000058b0000, 0x0000000011700000]
 total_blobs=14472 nmethods=13720 adapters=664
 compilation: enabled

Compilation events (10 events):
Event: 159.580 Thread 0x000000001609a000 17328       2       java.util.concurrent.ThreadPoolExecutor$Worker::tryLock (6 bytes)
Event: 159.580 Thread 0x000000001609a000 nmethod 17328 0x00000000054c3350 code [0x00000000054c34a0, 0x00000000054c3650]
Event: 159.612 Thread 0x000000001609a000 17329       2       java.util.concurrent.ConcurrentHashMap$TreeBin::rotateLeft (91 bytes)
Event: 159.612 Thread 0x000000001609a000 nmethod 17329 0x0000000004a612d0 code [0x0000000004a61420, 0x0000000004a61670]
Event: 159.620 Thread 0x000000001609a000 17330       3       com.android.dx.ssa.back.FirstFitLocalCombiningAllocator::handleLocalAssociatedOther (151 bytes)
Event: 159.621 Thread 0x000000001609a000 nmethod 17330 0x000000000544b2d0 code [0x000000000544b560, 0x000000000544c738]
Event: 159.726 Thread 0x000000001609a000 17333       3       com.android.dx.cf.attrib.AttCode::byteLength (29 bytes)
Event: 159.727 Thread 0x000000001609a000 nmethod 17333 0x000000000537ef90 code [0x000000000537f160, 0x000000000537fbb8]
Event: 159.827 Thread 0x000000001609a000 17334 %     3       com.android.dx.util.Bits::bitCount @ 7 (29 bytes)
Event: 159.827 Thread 0x000000001609a000 nmethod 17334% 0x00000000057c2cd0 code [0x00000000057c2e40, 0x00000000057c3108]

GC Heap History (10 events):
Event: 155.984 GC heap after
Heap after GC invocations=35 (full 4):
 PSYoungGen      total 358400K, used 66559K [0x00000000e0000000, 0x0000000100000000, 0x0000000100000000)
  eden space 291840K, 0% used [0x00000000e0000000,0x00000000e0000000,0x00000000f1d00000)
  from space 66560K, 99% used [0x00000000f1d00000,0x00000000f5dffc80,0x00000000f5e00000)
  to   space 110592K, 0% used [0x00000000f9400000,0x00000000f9400000,0x0000000100000000)
 ParOldGen       total 211968K, used 178459K [0x00000000a0000000, 0x00000000acf00000, 0x00000000e0000000)
  object space 211968K, 84% used [0x00000000a0000000,0x00000000aae46da0,0x00000000acf00000)
 Metaspace       used 71531K, capacity 74228K, committed 74288K, reserved 1114112K
  class space    used 9139K, capacity 9766K, committed 9776K, reserved 1048576K
}
Event: 155.984 GC heap before
{Heap before GC invocations=36 (full 5):
 PSYoungGen      total 358400K, used 66559K [0x00000000e0000000, 0x0000000100000000, 0x0000000100000000)
  eden space 291840K, 0% used [0x00000000e0000000,0x00000000e0000000,0x00000000f1d00000)
  from space 66560K, 99% used [0x00000000f1d00000,0x00000000f5dffc80,0x00000000f5e00000)
  to   space 110592K, 0% used [0x00000000f9400000,0x00000000f9400000,0x0000000100000000)
 ParOldGen       total 211968K, used 178459K [0x00000000a0000000, 0x00000000acf00000, 0x00000000e0000000)
  object space 211968K, 84% used [0x00000000a0000000,0x00000000aae46da0,0x00000000acf00000)
 Metaspace       used 71531K, capacity 74228K, committed 74288K, reserved 1114112K
  class space    used 9139K, capacity 9766K, committed 9776K, reserved 1048576K
Event: 156.486 GC heap after
Heap after GC invocations=36 (full 5):
 PSYoungGen      total 358400K, used 0K [0x00000000e0000000, 0x0000000100000000, 0x0000000100000000)
  eden space 291840K, 0% used [0x00000000e0000000,0x00000000e0000000,0x00000000f1d00000)
  from space 66560K, 0% used [0x00000000f1d00000,0x00000000f1d00000,0x00000000f5e00000)
  to   space 110592K, 0% used [0x00000000f9400000,0x00000000f9400000,0x0000000100000000)
 ParOldGen       total 211968K, used 109967K [0x00000000a0000000, 0x00000000acf00000, 0x00000000e0000000)
  object space 211968K, 51% used [0x00000000a0000000,0x00000000a6b63f20,0x00000000acf00000)
 Metaspace       used 71531K, capacity 74228K, committed 74288K, reserved 1114112K
  class space    used 9139K, capacity 9766K, committed 9776K, reserved 1048576K
}
Event: 157.227 GC heap before
{Heap before GC invocations=37 (full 5):
 PSYoungGen      total 358400K, used 291840K [0x00000000e0000000, 0x0000000100000000, 0x0000000100000000)
  eden space 291840K, 100% used [0x00000000e0000000,0x00000000f1d00000,0x00000000f1d00000)
  from space 66560K, 0% used [0x00000000f1d00000,0x00000000f1d00000,0x00000000f5e00000)
  to   space 110592K, 0% used [0x00000000f9400000,0x00000000f9400000,0x0000000100000000)
 ParOldGen       total 211968K, used 109967K [0x00000000a0000000, 0x00000000acf00000, 0x00000000e0000000)
  object space 211968K, 51% used [0x00000000a0000000,0x00000000a6b63f20,0x00000000acf00000)
 Metaspace       used 71550K, capacity 74228K, committed 74288K, reserved 1114112K
  class space    used 9139K, capacity 9766K, committed 9776K, reserved 1048576K
Event: 157.282 GC heap after
Heap after GC invocations=37 (full 5):
 PSYoungGen      total 418816K, used 32681K [0x00000000e0000000, 0x0000000100000000, 0x0000000100000000)
  eden space 308224K, 0% used [0x00000000e0000000,0x00000000e0000000,0x00000000f2d00000)
  from space 110592K, 29% used [0x00000000f9400000,0x00000000fb3ea408,0x0000000100000000)
  to   space 105472K, 0% used [0x00000000f2d00000,0x00000000f2d00000,0x00000000f9400000)
 ParOldGen       total 211968K, used 109975K [0x00000000a0000000, 0x00000000acf00000, 0x00000000e0000000)
  object space 211968K, 51% used [0x00000000a0000000,0x00000000a6b65f20,0x00000000acf00000)
 Metaspace       used 71550K, capacity 74228K, committed 74288K, reserved 1114112K
  class space    used 9139K, capacity 9766K, committed 9776K, reserved 1048576K
}
Event: 158.285 GC heap before
{Heap before GC invocations=38 (full 5):
 PSYoungGen      total 418816K, used 340905K [0x00000000e0000000, 0x0000000100000000, 0x0000000100000000)
  eden space 308224K, 100% used [0x00000000e0000000,0x00000000f2d00000,0x00000000f2d00000)
  from space 110592K, 29% used [0x00000000f9400000,0x00000000fb3ea408,0x0000000100000000)
  to   space 105472K, 0% used [0x00000000f2d00000,0x00000000f2d00000,0x00000000f9400000)
 ParOldGen       total 211968K, used 115838K [0x00000000a0000000, 0x00000000acf00000, 0x00000000e0000000)
  object space 211968K, 54% used [0x00000000a0000000,0x00000000a711fab8,0x00000000acf00000)
 Metaspace       used 71581K, capacity 74292K, committed 74544K, reserved 1114112K
  class space    used 9140K, capacity 9766K, committed 9776K, reserved 1048576K
Event: 158.378 GC heap after
Heap after GC invocations=38 (full 5):
 PSYoungGen      total 353792K, used 45140K [0x00000000e0000000, 0x00000000ff200000, 0x0000000100000000)
  eden space 308224K, 0% used [0x00000000e0000000,0x00000000e0000000,0x00000000f2d00000)
  from space 45568K, 99% used [0x00000000f2d00000,0x00000000f59150d0,0x00000000f5980000)
  to   space 100864K, 0% used [0x00000000f8f80000,0x00000000f8f80000,0x00000000ff200000)
 ParOldGen       total 211968K, used 115846K [0x00000000a0000000, 0x00000000acf00000, 0x00000000e0000000)
  object space 211968K, 54% used [0x00000000a0000000,0x00000000a7121ab8,0x00000000acf00000)
 Metaspace       used 71581K, capacity 74292K, committed 74544K, reserved 1114112K
  class space    used 9140K, capacity 9766K, committed 9776K, reserved 1048576K
}
Event: 159.160 GC heap before
{Heap before GC invocations=39 (full 5):
 PSYoungGen      total 353792K, used 353364K [0x00000000e0000000, 0x00000000ff200000, 0x0000000100000000)
  eden space 308224K, 100% used [0x00000000e0000000,0x00000000f2d00000,0x00000000f2d00000)
  from space 45568K, 99% used [0x00000000f2d00000,0x00000000f59150d0,0x00000000f5980000)
  to   space 100864K, 0% used [0x00000000f8f80000,0x00000000f8f80000,0x00000000ff200000)
 ParOldGen       total 211968K, used 115848K [0x00000000a0000000, 0x00000000acf00000, 0x00000000e0000000)
  object space 211968K, 54% used [0x00000000a0000000,0x00000000a7122368,0x00000000acf00000)
 Metaspace       used 71588K, capacity 74292K, committed 74544K, reserved 1114112K
  class space    used 9140K, capacity 9766K, committed 9776K, reserved 1048576K
Event: 159.264 GC heap after
Heap after GC invocations=39 (full 5):
 PSYoungGen      total 406016K, used 66017K [0x00000000e0000000, 0x0000000100000000, 0x0000000100000000)
  eden space 305152K, 0% used [0x00000000e0000000,0x00000000e0000000,0x00000000f2a00000)
  from space 100864K, 65% used [0x00000000f8f80000,0x00000000fcff8408,0x00000000ff200000)
  to   space 103936K, 0% used [0x00000000f2a00000,0x00000000f2a00000,0x00000000f8f80000)
 ParOldGen       total 211968K, used 115856K [0x00000000a0000000, 0x00000000acf00000, 0x00000000e0000000)
  object space 211968K, 54% used [0x00000000a0000000,0x00000000a7124368,0x00000000acf00000)
 Metaspace       used 71588K, capacity 74292K, committed 74544K, reserved 1114112K
  class space    used 9140K, capacity 9766K, committed 9776K, reserved 1048576K
}
Event: 159.846 GC heap before
{Heap before GC invocations=40 (full 5):
 PSYoungGen      total 406016K, used 371169K [0x00000000e0000000, 0x0000000100000000, 0x0000000100000000)
  eden space 305152K, 100% used [0x00000000e0000000,0x00000000f2a00000,0x00000000f2a00000)
  from space 100864K, 65% used [0x00000000f8f80000,0x00000000fcff8408,0x00000000ff200000)
  to   space 103936K, 0% used [0x00000000f2a00000,0x00000000f2a00000,0x00000000f8f80000)
 ParOldGen       total 211968K, used 115856K [0x00000000a0000000, 0x00000000acf00000, 0x00000000e0000000)
  object space 211968K, 54% used [0x00000000a0000000,0x00000000a7124368,0x00000000acf00000)
 Metaspace       used 71595K, capacity 74292K, committed 74544K, reserved 1114112K
  class space    used 9140K, capacity 9766K, committed 9776K, reserved 1048576K

Deoptimization events (10 events):
Event: 158.183 Thread 0x000000001de21000 Uncommon trap: reason=unstable_if action=reinterpret pc=0x00000000048cf31c method=com.android.dx.dex.code.RopToDop.dopFor(Lcom/android/dx/rop/code/Insn;)Lcom/android/dx/dex/code/Dop; @ 747
Event: 158.247 Thread 0x000000001de2b000 Uncommon trap: reason=unstable_if action=reinterpret pc=0x0000000004408d60 method=com.android.dx.ssa.InterferenceRegisterMapper.interferes(III)Z @ 69
Event: 158.614 Thread 0x000000001de22800 Uncommon trap: reason=unstable_if action=reinterpret pc=0x00000000054c99b0 method=com.android.dx.cf.code.Ropper.processBlock(Lcom/android/dx/cf/code/ByteBlock;Lcom/android/dx/cf/code/Frame;[I)V @ 429
Event: 158.666 Thread 0x000000001de21000 Uncommon trap: reason=unstable_if action=reinterpret pc=0x00000000056b3f64 method=com.android.dx.dex.code.LocalList$MakeState.snapshot(ILcom/android/dx/rop/code/RegisterSpecSet;)V @ 86
Event: 158.716 Thread 0x000000001de2c800 Uncommon trap: reason=unstable_if action=reinterpret pc=0x0000000005388998 method=com.android.dx.ssa.SCCP.simulateStmt(Lcom/android/dx/ssa/SsaInsn;)V @ 435
Event: 158.717 Thread 0x000000001de2c800 Uncommon trap: reason=bimorphic action=maybe_recompile pc=0x00000000053d1110 method=com.android.dx.ssa.LiteralOpUpgrader.tryReplacingWithConstant(Lcom/android/dx/ssa/NormalSsaInsn;)Z @ 62
Event: 159.108 Thread 0x000000001de2b800 Uncommon trap: reason=unstable_if action=reinterpret pc=0x00000000048ec31c method=com.android.dx.ssa.back.FirstFitLocalCombiningAllocator.getAlignment(I)Lcom/android/dx/ssa/back/FirstFitLocalCombiningAllocator$Alignment; @ 16
Event: 159.108 Thread 0x000000001de2b800 Uncommon trap: reason=unstable_if action=reinterpret pc=0x0000000005353124 method=com.android.dx.ssa.back.FirstFitLocalCombiningAllocator.getAlignment(I)Lcom/android/dx/ssa/back/FirstFitLocalCombiningAllocator$Alignment; @ 16
Event: 159.413 Thread 0x000000001de2b800 Uncommon trap: reason=unstable_if action=reinterpret pc=0x0000000005442178 method=com.android.dx.cf.code.Merger.mergeType(Lcom/android/dx/rop/type/TypeBearer;Lcom/android/dx/rop/type/TypeBearer;)Lcom/android/dx/rop/type/TypeBearer; @ 77
Event: 159.599 Thread 0x000000001960f000 Uncommon trap: reason=unstable_if action=reinterpret pc=0x00000000035fee00 method=com.android.dx.ssa.back.FirstFitLocalCombiningAllocator.getAlignment(I)Lcom/android/dx/ssa/back/FirstFitLocalCombiningAllocator$Alignment; @ 16

Internal exceptions (10 events):
Event: 112.592 Thread 0x0000000018eab800 Exception <a 'java/lang/ClassNotFoundException': com/android/build/gradle/internal/LibraryCache$1Customizer> (0x00000000e9133000) thrown at [C:\src\android\AOSP-openjdk\external\jetbrains\jdk\hotspot\src\share\vm\classfile\systemDictionary.cpp, line 210]
Event: 135.319 Thread 0x0000000018eab800 Implicit null exception at 0x000000000431d9a6 to 0x000000000431e705
Event: 138.297 Thread 0x0000000018eab800 Implicit null exception at 0x00000000048ac8c1 to 0x00000000048ad711
Event: 143.209 Thread 0x0000000018eab800 Exception <a 'java/lang/NoSuchMethodError': <clinit>> (0x00000000e5e33760) thrown at [C:\src\android\AOSP-openjdk\external\jetbrains\jdk\hotspot\src\share\vm\prims\jni.cpp, line 1591]
Event: 144.463 Thread 0x0000000018eab800 Exception <a 'java/io/FileNotFoundException'> (0x00000000e43f6708) thrown at [C:\src\android\AOSP-openjdk\external\jetbrains\jdk\hotspot\src\share\vm\prims\jni.cpp, line 709]
Event: 149.920 Thread 0x000000001de2d000 Implicit null exception at 0x00000000052e9625 to 0x00000000052ea165
Event: 154.279 Thread 0x000000001960b000 Implicit null exception at 0x000000000552cfd0 to 0x000000000552d665
Event: 154.553 Thread 0x000000001de22000 Implicit null exception at 0x00000000055bc625 to 0x00000000055be80d
Event: 154.553 Thread 0x000000001de22000 Implicit null exception at 0x000000000548d6d4 to 0x000000000548e0bd
Event: 154.553 Thread 0x000000001de22000 Implicit null exception at 0x00000000055351b9 to 0x0000000005536e8d

Events (10 events):
Event: 159.727 Thread 0x000000001de22000 DEOPT PACKING pc=0x00000000049a2ba2 sp=0x0000000044ebe5e0
Event: 159.727 Thread 0x000000001de22000 DEOPT UNPACKING pc=0x00000000027475bf sp=0x0000000044ebe2d0 mode 0
Event: 159.741 Thread 0x000000001960e000 DEOPT PACKING pc=0x000000000542c1ae sp=0x000000004c6bf230
Event: 159.741 Thread 0x000000001960e000 DEOPT UNPACKING pc=0x00000000027475bf sp=0x000000004c6bf018 mode 0
Event: 159.823 Thread 0x000000001de23800 DEOPT PACKING pc=0x0000000004e1fee8 sp=0x000000004dabe560
Event: 159.824 Thread 0x000000001de23800 DEOPT UNPACKING pc=0x00000000027475bf sp=0x000000004dabe2f0 mode 0
Event: 159.827 Thread 0x000000001de23800 DEOPT PACKING pc=0x00000000055624a6 sp=0x000000004dabe180
Event: 159.827 Thread 0x000000001de23800 DEOPT UNPACKING pc=0x00000000027475bf sp=0x000000004dabde70 mode 0
Event: 159.833 Thread 0x000000001de23800 Thread exited: 0x000000001de23800
Event: 159.843 Executing VM operation: ParallelGCFailedAllocation


Dynamic libraries:
0x00007ff7d6790000 - 0x00007ff7d67c1000 	C:\Program Files\Android\Android Studio\jre\bin\java.exe
0x00007ffb3a120000 - 0x00007ffb3a2f1000 	C:\WINDOWS\SYSTEM32\ntdll.dll
0x00007ffb37820000 - 0x00007ffb378cb000 	C:\WINDOWS\System32\KERNEL32.DLL
0x00007ffb36f60000 - 0x00007ffb3717d000 	C:\WINDOWS\System32\KERNELBASE.dll
0x00007ffb383c0000 - 0x00007ffb38462000 	C:\WINDOWS\System32\ADVAPI32.dll
0x00007ffb378d0000 - 0x00007ffb3796e000 	C:\WINDOWS\System32\msvcrt.dll
0x00007ffb39f00000 - 0x00007ffb39f59000 	C:\WINDOWS\System32\sechost.dll
0x00007ffb39fe0000 - 0x00007ffb3a101000 	C:\WINDOWS\System32\RPCRT4.dll
0x00007ffb376b0000 - 0x00007ffb37815000 	C:\WINDOWS\System32\USER32.dll
0x00007ffb373f0000 - 0x00007ffb3740e000 	C:\WINDOWS\System32\win32u.dll
0x00007ffb39ae0000 - 0x00007ffb39b14000 	C:\WINDOWS\System32\GDI32.dll
0x00007ffb37470000 - 0x00007ffb375f2000 	C:\WINDOWS\System32\gdi32full.dll
0x00007ffb2f250000 - 0x00007ffb2f4c9000 	C:\WINDOWS\WinSxS\amd64_microsoft.windows.common-controls_6595b64144ccf1df_6.0.14393.447_none_42191651c6827bb3\COMCTL32.dll
0x00007ffb37b20000 - 0x00007ffb37de7000 	C:\WINDOWS\System32\combase.dll
0x00007ffb36610000 - 0x00007ffb36705000 	C:\WINDOWS\System32\ucrtbase.dll
0x00007ffb36e40000 - 0x00007ffb36eaa000 	C:\WINDOWS\System32\bcryptPrimitives.dll
0x00007ffb39c60000 - 0x00007ffb39c8e000 	C:\WINDOWS\System32\IMM32.DLL
0x000000006b450000 - 0x000000006b522000 	C:\Program Files\Android\Android Studio\jre\jre\bin\msvcr100.dll
0x000000006b810000 - 0x000000006c044000 	C:\Program Files\Android\Android Studio\jre\jre\bin\server\jvm.dll
0x00007ffb3a110000 - 0x00007ffb3a118000 	C:\WINDOWS\System32\PSAPI.DLL
0x00007ffb33040000 - 0x00007ffb33049000 	C:\WINDOWS\SYSTEM32\WSOCK32.dll
0x00007ffb37ec0000 - 0x00007ffb37f2a000 	C:\WINDOWS\System32\WS2_32.dll
0x00007ffb348a0000 - 0x00007ffb348c3000 	C:\WINDOWS\SYSTEM32\WINMM.dll
0x00007ffb32110000 - 0x00007ffb3211a000 	C:\WINDOWS\SYSTEM32\VERSION.dll
0x00007ffb346d0000 - 0x00007ffb346fb000 	C:\WINDOWS\SYSTEM32\WINMMBASE.dll
0x00007ffb36df0000 - 0x00007ffb36e32000 	C:\WINDOWS\System32\cfgmgr32.dll
0x00007ffb33fe0000 - 0x00007ffb33fef000 	C:\Program Files\Android\Android Studio\jre\jre\bin\verify.dll
0x00007ffb29d50000 - 0x00007ffb29d79000 	C:\Program Files\Android\Android Studio\jre\jre\bin\java.dll
0x00007ffb29e00000 - 0x00007ffb29e16000 	C:\Program Files\Android\Android Studio\jre\jre\bin\zip.dll
0x00007ffb38470000 - 0x00007ffb39979000 	C:\WINDOWS\System32\SHELL32.dll
0x00007ffb36710000 - 0x00007ffb36dea000 	C:\WINDOWS\System32\windows.storage.dll
0x00007ffb365c0000 - 0x00007ffb3660c000 	C:\WINDOWS\System32\powrprof.dll
0x00007ffb37e60000 - 0x00007ffb37eb2000 	C:\WINDOWS\System32\shlwapi.dll
0x00007ffb365a0000 - 0x00007ffb365af000 	C:\WINDOWS\System32\kernel.appcore.dll
0x00007ffb37600000 - 0x00007ffb376a9000 	C:\WINDOWS\System32\shcore.dll
0x00007ffb36580000 - 0x00007ffb36594000 	C:\WINDOWS\System32\profapi.dll
0x00007ffb29b60000 - 0x00007ffb29b7a000 	C:\Program Files\Android\Android Studio\jre\jre\bin\net.dll
0x00007ffb35d00000 - 0x00007ffb35d5c000 	C:\WINDOWS\system32\mswsock.dll
0x00007ffb29aa0000 - 0x00007ffb29ab1000 	C:\Program Files\Android\Android Studio\jre\jre\bin\nio.dll
0x00007ffb28ab0000 - 0x00007ffb28ac2000 	C:\Users\Hp\.gradle\native\19\windows-amd64\native-platform.dll
0x00007ffb36000000 - 0x00007ffb36017000 	C:\WINDOWS\SYSTEM32\CRYPTSP.dll
0x00007ffb35f00000 - 0x00007ffb35f33000 	C:\WINDOWS\system32\rsaenh.dll
0x00007ffb36420000 - 0x00007ffb3644b000 	C:\WINDOWS\SYSTEM32\bcrypt.dll
0x00007ffb35b80000 - 0x00007ffb35b9f000 	C:\WINDOWS\SYSTEM32\USERENV.dll
0x00007ffb35ff0000 - 0x00007ffb35ffb000 	C:\WINDOWS\SYSTEM32\CRYPTBASE.dll
0x00007ffb35a90000 - 0x00007ffb35ac8000 	C:\WINDOWS\SYSTEM32\IPHLPAPI.DLL
0x00007ffb37970000 - 0x00007ffb37978000 	C:\WINDOWS\System32\NSI.dll
0x00007ffb2fb50000 - 0x00007ffb2fb66000 	C:\WINDOWS\SYSTEM32\dhcpcsvc6.DLL
0x00007ffb2fc80000 - 0x00007ffb2fc9a000 	C:\WINDOWS\SYSTEM32\dhcpcsvc.DLL
0x00007ffb323c0000 - 0x00007ffb323cd000 	C:\Program Files\Android\Android Studio\jre\jre\bin\management.dll

VM Arguments:
jvm_args: -Xmx1536m -Dfile.encoding=windows-1252 -Duser.country=IN -Duser.language=en -Duser.variant 
java_command: org.gradle.launcher.daemon.bootstrap.GradleDaemon 2.14.1
java_class_path (initial): C:\Program Files\Android\Android Studio\gradle\gradle-2.14.1\lib\gradle-launcher-2.14.1.jar
Launcher Type: SUN_STANDARD

Environment Variables:
JAVA_HOME=C:\Program Files\Java\jdk1.8.0_101
CLASSPATH=C:\Program Files (x86)\OpenNI\Bin\org.OpenNI.jar
PATH=C:\ProgramData\Oracle\Java\javapath;C:\Program Files (x86)\GTK2-Runtime\lib;C:\Python27;C:\Program Files (x86)\CMake 2.8\bin;C:\MinGW\bin;C:\Program Files (x86)\OpenNI\Bin;C:\Program Files (x86)\PrimeSense\NITE\bin;C:\Users\Hp\AppData\Local\Android\sdk2\platform-tools;C:\Program Files\Java\jdk1.8.0_101\bin
USERNAME=Hp
OS=Windows_NT
PROCESSOR_IDENTIFIER=Intel64 Family 6 Model 78 Stepping 3, GenuineIntel



---------------  S Y S T E M  ---------------

OS: Windows 10.0 , 64 bit Build 14393 (10.0.14393.0)

CPU:total 4 (2 cores per cpu, 2 threads per core) family 6 model 78 stepping 3, cmov, cx8, fxsr, mmx, sse, sse2, sse3, ssse3, sse4.1, sse4.2, popcnt, avx, avx2, aes, clmul, erms, 3dnowpref, lzcnt, ht, tsc, tscinvbit, bmi1, bmi2, adx

Memory: 4k page, physical 8275872k(1156016k free), swap 33441696k(6036k free)

vm_info: OpenJDK 64-Bit Server VM (25.76-b03) for windows-amd64 JRE (1.8.0_76-release-b03), built on Jun 29 2016 19:09:20 by "ralucas" with MS VC++ 10.0 (VS2010)

time: Wed Dec 07 10:11:16 2016
elapsed time: 160 seconds (0d 0h 2m 40s)

